2023/11/27 21:56:29 [emerg] 1#1: host not found in upstream "app" in /etc/nginx/conf.d/app.conf:10
2023/11/27 21:56:35 [emerg] 1#1: host not found in upstream "app" in /etc/nginx/conf.d/app.conf:10
2023/11/27 21:56:40 [emerg] 1#1: host not found in upstream "app" in /etc/nginx/conf.d/app.conf:10
2023/11/27 21:58:12 [emerg] 1#1: host not found in upstream "app" in /etc/nginx/conf.d/app.conf:10
2023/11/27 21:58:18 [emerg] 1#1: host not found in upstream "app" in /etc/nginx/conf.d/app.conf:10
2023/11/27 21:58:23 [emerg] 1#1: host not found in upstream "app" in /etc/nginx/conf.d/app.conf:10
2023/11/27 21:58:29 [emerg] 1#1: host not found in upstream "app" in /etc/nginx/conf.d/app.conf:10
2023/11/27 21:59:32 [emerg] 1#1: host not found in upstream "app" in /etc/nginx/conf.d/app.conf:10
2023/11/27 21:59:38 [emerg] 1#1: host not found in upstream "app" in /etc/nginx/conf.d/app.conf:10
2023/11/27 21:59:43 [emerg] 1#1: host not found in upstream "app" in /etc/nginx/conf.d/app.conf:10
2023/11/27 21:59:49 [emerg] 1#1: host not found in upstream "app" in /etc/nginx/conf.d/app.conf:10
2023/11/27 21:59:55 [emerg] 1#1: host not found in upstream "app" in /etc/nginx/conf.d/app.conf:10
2023/11/27 22:00:02 [emerg] 1#1: host not found in upstream "app" in /etc/nginx/conf.d/app.conf:10
2023/11/27 22:00:11 [emerg] 1#1: host not found in upstream "app" in /etc/nginx/conf.d/app.conf:10
2023/11/27 22:00:23 [emerg] 1#1: host not found in upstream "app" in /etc/nginx/conf.d/app.conf:10
2023/11/27 22:00:41 [emerg] 1#1: host not found in upstream "app" in /etc/nginx/conf.d/app.conf:10
2023/11/27 22:01:12 [emerg] 1#1: host not found in upstream "app" in /etc/nginx/conf.d/app.conf:10
2023/11/27 22:02:08 [emerg] 1#1: host not found in upstream "app" in /etc/nginx/conf.d/default.conf:10
2023/11/27 22:02:43 [emerg] 1#1: host not found in upstream "app" in /etc/nginx/conf.d/default.conf:10
2023/11/27 22:02:49 [emerg] 1#1: host not found in upstream "app" in /etc/nginx/conf.d/default.conf:10
2023/11/27 22:02:54 [emerg] 1#1: host not found in upstream "app" in /etc/nginx/conf.d/default.conf:10
2023/11/27 22:03:00 [emerg] 1#1: host not found in upstream "app" in /etc/nginx/conf.d/default.conf:10
2023/11/27 22:03:06 [emerg] 1#1: host not found in upstream "app" in /etc/nginx/conf.d/default.conf:10
2023/11/27 22:03:13 [emerg] 1#1: host not found in upstream "app" in /etc/nginx/conf.d/default.conf:10
2023/11/27 22:03:22 [emerg] 1#1: host not found in upstream "app" in /etc/nginx/conf.d/default.conf:10
2023/11/27 22:03:33 [emerg] 1#1: host not found in upstream "app" in /etc/nginx/conf.d/default.conf:10
2023/11/27 22:03:51 [emerg] 1#1: host not found in upstream "app" in /etc/nginx/conf.d/default.conf:10
2023/11/27 22:04:22 [emerg] 1#1: host not found in upstream "app" in /etc/nginx/conf.d/default.conf:10
2023/11/27 22:05:19 [emerg] 1#1: host not found in upstream "php_service" in /etc/nginx/conf.d/default.conf:10
2023/11/27 22:06:10 [emerg] 1#1: host not found in upstream "php_service" in /etc/nginx/conf.d/default.conf:10
2023/11/27 22:06:15 [emerg] 1#1: host not found in upstream "php_service" in /etc/nginx/conf.d/default.conf:10
2023/11/27 22:06:21 [emerg] 1#1: host not found in upstream "php_service" in /etc/nginx/conf.d/default.conf:10
2023/11/27 22:06:27 [emerg] 1#1: host not found in upstream "php_service" in /etc/nginx/conf.d/default.conf:10
2023/11/27 22:06:33 [emerg] 1#1: host not found in upstream "php_service" in /etc/nginx/conf.d/default.conf:10
2023/11/27 22:06:40 [emerg] 1#1: host not found in upstream "php_service" in /etc/nginx/conf.d/default.conf:10
2023/11/27 22:06:48 [emerg] 1#1: host not found in upstream "php_service" in /etc/nginx/conf.d/default.conf:10
2023/11/27 22:07:00 [emerg] 1#1: host not found in upstream "php_service" in /etc/nginx/conf.d/default.conf:10
2023/11/27 22:07:18 [emerg] 1#1: host not found in upstream "php_service" in /etc/nginx/conf.d/default.conf:10
2023/11/27 22:07:49 [notice] 1#1: using the "epoll" event method
2023/11/27 22:07:49 [notice] 1#1: nginx/1.25.3
2023/11/27 22:07:49 [notice] 1#1: built by gcc 12.2.1 20220924 (Alpine 12.2.1_git20220924-r10) 
2023/11/27 22:07:49 [notice] 1#1: OS: Linux 6.2.0-37-generic
2023/11/27 22:07:49 [notice] 1#1: getrlimit(RLIMIT_NOFILE): 1048576:1048576
2023/11/27 22:07:49 [notice] 1#1: start worker processes
2023/11/27 22:07:49 [notice] 1#1: start worker process 29
2023/11/27 22:07:49 [notice] 1#1: start worker process 30
2023/11/27 22:07:49 [notice] 1#1: start worker process 31
2023/11/27 22:07:49 [notice] 1#1: start worker process 32
2023/11/27 22:07:49 [notice] 1#1: start worker process 33
2023/11/27 22:07:49 [notice] 1#1: start worker process 34
2023/11/27 22:07:49 [notice] 1#1: start worker process 35
2023/11/27 22:07:49 [notice] 1#1: start worker process 36
2023/11/27 22:07:51 [notice] 1#1: signal 3 (SIGQUIT) received, shutting down
2023/11/27 22:07:51 [notice] 30#30: gracefully shutting down
2023/11/27 22:07:51 [notice] 29#29: gracefully shutting down
2023/11/27 22:07:51 [notice] 31#31: gracefully shutting down
2023/11/27 22:07:51 [notice] 32#32: gracefully shutting down
2023/11/27 22:07:51 [notice] 33#33: gracefully shutting down
2023/11/27 22:07:51 [notice] 34#34: gracefully shutting down
2023/11/27 22:07:51 [notice] 35#35: gracefully shutting down
2023/11/27 22:07:51 [notice] 30#30: exiting
2023/11/27 22:07:51 [notice] 29#29: exiting
2023/11/27 22:07:51 [notice] 31#31: exiting
2023/11/27 22:07:51 [notice] 32#32: exiting
2023/11/27 22:07:51 [notice] 33#33: exiting
2023/11/27 22:07:51 [notice] 34#34: exiting
2023/11/27 22:07:51 [notice] 35#35: exiting
2023/11/27 22:07:51 [notice] 34#34: exit
2023/11/27 22:07:51 [notice] 32#32: exit
2023/11/27 22:07:51 [notice] 29#29: exit
2023/11/27 22:07:51 [notice] 31#31: exit
2023/11/27 22:07:51 [notice] 35#35: exit
2023/11/27 22:07:51 [notice] 30#30: exit
2023/11/27 22:07:51 [notice] 33#33: exit
2023/11/27 22:07:51 [notice] 36#36: gracefully shutting down
2023/11/27 22:07:51 [notice] 36#36: exiting
2023/11/27 22:07:51 [notice] 36#36: exit
2023/11/27 22:07:51 [notice] 1#1: signal 17 (SIGCHLD) received from 34
2023/11/27 22:07:51 [notice] 1#1: worker process 30 exited with code 0
2023/11/27 22:07:51 [notice] 1#1: worker process 34 exited with code 0
2023/11/27 22:07:51 [notice] 1#1: signal 29 (SIGIO) received
2023/11/27 22:07:51 [notice] 1#1: signal 17 (SIGCHLD) received from 36
2023/11/27 22:07:51 [notice] 1#1: worker process 36 exited with code 0
2023/11/27 22:07:51 [notice] 1#1: signal 29 (SIGIO) received
2023/11/27 22:07:51 [notice] 1#1: signal 17 (SIGCHLD) received from 31
2023/11/27 22:07:51 [notice] 1#1: worker process 29 exited with code 0
2023/11/27 22:07:51 [notice] 1#1: worker process 31 exited with code 0
2023/11/27 22:07:51 [notice] 1#1: signal 29 (SIGIO) received
2023/11/27 22:07:51 [notice] 1#1: signal 17 (SIGCHLD) received from 32
2023/11/27 22:07:51 [notice] 1#1: worker process 32 exited with code 0
2023/11/27 22:07:51 [notice] 1#1: signal 29 (SIGIO) received
2023/11/27 22:07:51 [notice] 1#1: signal 17 (SIGCHLD) received from 33
2023/11/27 22:07:51 [notice] 1#1: worker process 33 exited with code 0
2023/11/27 22:07:51 [notice] 1#1: signal 29 (SIGIO) received
2023/11/27 22:07:51 [notice] 1#1: signal 17 (SIGCHLD) received from 35
2023/11/27 22:07:51 [notice] 1#1: worker process 35 exited with code 0
2023/11/27 22:07:51 [notice] 1#1: exit
2023/11/27 22:08:10 [notice] 1#1: using the "epoll" event method
2023/11/27 22:08:10 [notice] 1#1: nginx/1.25.3
2023/11/27 22:08:10 [notice] 1#1: built by gcc 12.2.1 20220924 (Alpine 12.2.1_git20220924-r10) 
2023/11/27 22:08:10 [notice] 1#1: OS: Linux 6.2.0-37-generic
2023/11/27 22:08:10 [notice] 1#1: getrlimit(RLIMIT_NOFILE): 1048576:1048576
2023/11/27 22:08:10 [notice] 1#1: start worker processes
2023/11/27 22:08:10 [notice] 1#1: start worker process 29
2023/11/27 22:08:10 [notice] 1#1: start worker process 30
2023/11/27 22:08:10 [notice] 1#1: start worker process 31
2023/11/27 22:08:10 [notice] 1#1: start worker process 32
2023/11/27 22:08:10 [notice] 1#1: start worker process 33
2023/11/27 22:08:10 [notice] 1#1: start worker process 34
2023/11/27 22:08:10 [notice] 1#1: start worker process 35
2023/11/27 22:08:10 [notice] 1#1: start worker process 36
2023/11/27 22:08:13 [error] 29#29: *1 invalid host in upstream "http://localhost:9000", client: 192.168.48.1, server: , request: "GET / HTTP/1.1", host: "localhost:8000"
2023/11/27 22:09:05 [notice] 1#1: signal 3 (SIGQUIT) received, shutting down
2023/11/27 22:09:05 [notice] 29#29: gracefully shutting down
2023/11/27 22:09:05 [notice] 30#30: gracefully shutting down
2023/11/27 22:09:05 [notice] 31#31: gracefully shutting down
2023/11/27 22:09:05 [notice] 32#32: gracefully shutting down
2023/11/27 22:09:05 [notice] 33#33: gracefully shutting down
2023/11/27 22:09:05 [notice] 35#35: gracefully shutting down
2023/11/27 22:09:05 [notice] 29#29: exiting
2023/11/27 22:09:05 [notice] 34#34: gracefully shutting down
2023/11/27 22:09:05 [notice] 36#36: gracefully shutting down
2023/11/27 22:09:05 [notice] 32#32: exiting
2023/11/27 22:09:05 [notice] 33#33: exiting
2023/11/27 22:09:05 [notice] 35#35: exiting
2023/11/27 22:09:05 [notice] 34#34: exiting
2023/11/27 22:09:05 [notice] 36#36: exiting
2023/11/27 22:09:05 [notice] 29#29: exit
2023/11/27 22:09:05 [notice] 34#34: exit
2023/11/27 22:09:05 [notice] 32#32: exit
2023/11/27 22:09:05 [notice] 35#35: exit
2023/11/27 22:09:05 [notice] 36#36: exit
2023/11/27 22:09:05 [notice] 33#33: exit
2023/11/27 22:09:05 [notice] 1#1: signal 17 (SIGCHLD) received from 29
2023/11/27 22:09:05 [notice] 1#1: worker process 29 exited with code 0
2023/11/27 22:09:05 [notice] 1#1: signal 29 (SIGIO) received
2023/11/27 22:09:06 [notice] 1#1: signal 17 (SIGCHLD) received from 36
2023/11/27 22:09:06 [notice] 1#1: worker process 36 exited with code 0
2023/11/27 22:09:06 [notice] 1#1: signal 29 (SIGIO) received
2023/11/27 22:09:06 [notice] 1#1: signal 17 (SIGCHLD) received from 34
2023/11/27 22:09:06 [notice] 1#1: worker process 33 exited with code 0
2023/11/27 22:09:06 [notice] 1#1: worker process 34 exited with code 0
2023/11/27 22:09:06 [notice] 1#1: signal 29 (SIGIO) received
2023/11/27 22:09:06 [notice] 1#1: signal 17 (SIGCHLD) received from 35
2023/11/27 22:09:06 [notice] 1#1: worker process 32 exited with code 0
2023/11/27 22:09:06 [notice] 1#1: worker process 35 exited with code 0
2023/11/27 22:09:06 [notice] 1#1: signal 17 (SIGCHLD) received from 32
2023/11/27 22:09:06 [notice] 1#1: signal 29 (SIGIO) received
2023/11/27 22:09:13 [notice] 30#30: exiting
2023/11/27 22:09:13 [notice] 31#31: exiting
2023/11/27 22:09:13 [notice] 31#31: exit
2023/11/27 22:09:13 [notice] 30#30: exit
2023/11/27 22:09:13 [notice] 1#1: signal 17 (SIGCHLD) received from 30
2023/11/27 22:09:13 [notice] 1#1: worker process 30 exited with code 0
2023/11/27 22:09:13 [notice] 1#1: signal 29 (SIGIO) received
2023/11/27 22:09:13 [notice] 1#1: signal 17 (SIGCHLD) received from 31
2023/11/27 22:09:13 [notice] 1#1: worker process 31 exited with code 0
2023/11/27 22:09:13 [notice] 1#1: exit
2023/11/27 22:09:22 [notice] 1#1: using the "epoll" event method
2023/11/27 22:09:22 [notice] 1#1: nginx/1.25.3
2023/11/27 22:09:22 [notice] 1#1: built by gcc 12.2.1 20220924 (Alpine 12.2.1_git20220924-r10) 
2023/11/27 22:09:22 [notice] 1#1: OS: Linux 6.2.0-37-generic
2023/11/27 22:09:22 [notice] 1#1: getrlimit(RLIMIT_NOFILE): 1048576:1048576
2023/11/27 22:09:22 [notice] 1#1: start worker processes
2023/11/27 22:09:22 [notice] 1#1: start worker process 29
2023/11/27 22:09:22 [notice] 1#1: start worker process 30
2023/11/27 22:09:22 [notice] 1#1: start worker process 31
2023/11/27 22:09:22 [notice] 1#1: start worker process 32
2023/11/27 22:09:22 [notice] 1#1: start worker process 33
2023/11/27 22:09:22 [notice] 1#1: start worker process 34
2023/11/27 22:09:22 [notice] 1#1: start worker process 35
2023/11/27 22:09:22 [notice] 1#1: start worker process 36
2023/11/27 22:09:26 [error] 30#30: *1 invalid host in upstream "http://localhost:8000", client: 192.168.48.1, server: , request: "GET / HTTP/1.1", host: "localhost:8000"
2023/11/27 22:09:50 [error] 31#31: *3 invalid host in upstream "http://localhost:8000", client: 192.168.48.1, server: , request: "GET / HTTP/1.1", host: "localhost:8000"
2023/11/27 22:09:57 [error] 33#33: *5 invalid host in upstream "http://localhost:8000", client: 192.168.48.1, server: , request: "GET / HTTP/1.1", host: "192.168.48.1:8000"
2023/11/27 22:12:32 [notice] 1#1: signal 3 (SIGQUIT) received, shutting down
2023/11/27 22:12:32 [notice] 29#29: gracefully shutting down
2023/11/27 22:12:32 [notice] 30#30: gracefully shutting down
2023/11/27 22:12:32 [notice] 32#32: gracefully shutting down
2023/11/27 22:12:32 [notice] 31#31: gracefully shutting down
2023/11/27 22:12:32 [notice] 33#33: gracefully shutting down
2023/11/27 22:12:32 [notice] 29#29: exiting
2023/11/27 22:12:32 [notice] 30#30: exiting
2023/11/27 22:12:32 [notice] 36#36: gracefully shutting down
2023/11/27 22:12:32 [notice] 32#32: exiting
2023/11/27 22:12:32 [notice] 31#31: exiting
2023/11/27 22:12:32 [notice] 33#33: exiting
2023/11/27 22:12:32 [notice] 36#36: exiting
2023/11/27 22:12:32 [notice] 34#34: gracefully shutting down
2023/11/27 22:12:32 [notice] 34#34: exiting
2023/11/27 22:12:32 [notice] 29#29: exit
2023/11/27 22:12:32 [notice] 30#30: exit
2023/11/27 22:12:32 [notice] 31#31: exit
2023/11/27 22:12:32 [notice] 36#36: exit
2023/11/27 22:12:32 [notice] 33#33: exit
2023/11/27 22:12:32 [notice] 32#32: exit
2023/11/27 22:12:32 [notice] 34#34: exit
2023/11/27 22:12:32 [notice] 35#35: gracefully shutting down
2023/11/27 22:12:32 [notice] 35#35: exiting
2023/11/27 22:12:32 [notice] 35#35: exit
2023/11/27 22:12:32 [notice] 1#1: signal 17 (SIGCHLD) received from 32
2023/11/27 22:12:32 [notice] 1#1: worker process 32 exited with code 0
2023/11/27 22:12:32 [notice] 1#1: worker process 34 exited with code 0
2023/11/27 22:12:32 [notice] 1#1: signal 29 (SIGIO) received
2023/11/27 22:12:32 [notice] 1#1: signal 17 (SIGCHLD) received from 34
2023/11/27 22:12:32 [notice] 1#1: signal 17 (SIGCHLD) received from 36
2023/11/27 22:12:32 [notice] 1#1: worker process 36 exited with code 0
2023/11/27 22:12:32 [notice] 1#1: signal 29 (SIGIO) received
2023/11/27 22:12:32 [notice] 1#1: signal 17 (SIGCHLD) received from 33
2023/11/27 22:12:32 [notice] 1#1: worker process 30 exited with code 0
2023/11/27 22:12:32 [notice] 1#1: worker process 33 exited with code 0
2023/11/27 22:12:32 [notice] 1#1: signal 29 (SIGIO) received
2023/11/27 22:12:32 [notice] 1#1: signal 17 (SIGCHLD) received from 29
2023/11/27 22:12:32 [notice] 1#1: worker process 29 exited with code 0
2023/11/27 22:12:32 [notice] 1#1: worker process 31 exited with code 0
2023/11/27 22:12:32 [notice] 1#1: signal 29 (SIGIO) received
2023/11/27 22:12:32 [notice] 1#1: signal 17 (SIGCHLD) received from 31
2023/11/27 22:12:32 [notice] 1#1: signal 17 (SIGCHLD) received from 35
2023/11/27 22:12:32 [notice] 1#1: worker process 35 exited with code 0
2023/11/27 22:12:32 [notice] 1#1: exit
2023/11/27 22:12:41 [emerg] 1#1: unknown "nginx_root" variable
2023/11/27 22:12:41 [emerg] 1#1: unknown "nginx_root" variable
2023/11/27 22:12:42 [emerg] 1#1: unknown "nginx_root" variable
2023/11/27 22:12:43 [emerg] 1#1: unknown "nginx_root" variable
2023/11/27 22:12:44 [emerg] 1#1: unknown "nginx_root" variable
2023/11/27 22:12:46 [emerg] 1#1: unknown "nginx_root" variable
2023/11/27 22:12:49 [emerg] 1#1: unknown "nginx_root" variable
2023/11/27 22:12:56 [emerg] 1#1: unknown "nginx_root" variable
2023/11/27 22:13:58 [emerg] 1#1: unknown "nginx_root" variable
2023/11/27 22:13:59 [emerg] 1#1: unknown "nginx_root" variable
2023/11/27 22:13:59 [emerg] 1#1: unknown "nginx_root" variable
2023/11/27 22:14:00 [emerg] 1#1: unknown "nginx_root" variable
2023/11/27 22:14:01 [emerg] 1#1: unknown "nginx_root" variable
2023/11/27 22:14:03 [emerg] 1#1: unknown "nginx_root" variable
2023/11/27 22:14:07 [emerg] 1#1: unknown "nginx_root" variable
2023/11/27 22:14:13 [emerg] 1#1: unknown "nginx_root" variable
2023/11/27 22:14:26 [emerg] 1#1: unknown "nginx_root" variable
2023/11/27 22:14:52 [emerg] 1#1: unknown "nginx_fpm_host" variable
2023/11/27 22:15:05 [emerg] 1#1: unknown "nginx_fpm_host" variable
2023/11/27 22:15:06 [emerg] 1#1: unknown "nginx_fpm_host" variable
2023/11/27 22:15:07 [emerg] 1#1: unknown "nginx_fpm_host" variable
2023/11/27 22:15:07 [emerg] 1#1: unknown "nginx_fpm_host" variable
2023/11/27 22:15:08 [emerg] 1#1: unknown "nginx_fpm_host" variable
2023/11/27 22:15:10 [emerg] 1#1: unknown "nginx_fpm_host" variable
2023/11/27 22:15:14 [emerg] 1#1: unknown "nginx_fpm_host" variable
2023/11/27 22:15:21 [emerg] 1#1: unknown "nginx_fpm_host" variable
2023/11/27 22:15:34 [emerg] 1#1: unknown "nginx_fpm_host" variable
2023/11/27 22:16:00 [emerg] 1#1: unknown "nginx_fpm_host" variable
2023/11/27 22:16:34 [notice] 1#1: using the "epoll" event method
2023/11/27 22:16:34 [notice] 1#1: nginx/1.25.3
2023/11/27 22:16:34 [notice] 1#1: built by gcc 12.2.1 20220924 (Alpine 12.2.1_git20220924-r10) 
2023/11/27 22:16:34 [notice] 1#1: OS: Linux 6.2.0-37-generic
2023/11/27 22:16:34 [notice] 1#1: getrlimit(RLIMIT_NOFILE): 1048576:1048576
2023/11/27 22:16:34 [notice] 1#1: start worker processes
2023/11/27 22:16:34 [notice] 1#1: start worker process 29
2023/11/27 22:16:34 [notice] 1#1: start worker process 30
2023/11/27 22:16:34 [notice] 1#1: start worker process 31
2023/11/27 22:16:34 [notice] 1#1: start worker process 32
2023/11/27 22:16:34 [notice] 1#1: start worker process 33
2023/11/27 22:16:34 [notice] 1#1: start worker process 34
2023/11/27 22:16:34 [notice] 1#1: start worker process 35
2023/11/27 22:16:34 [notice] 1#1: start worker process 36
2023/11/27 22:16:44 [error] 29#29: *1 connect() failed (111: Connection refused) while connecting to upstream, client: 192.168.48.1, server: , request: "GET / HTTP/1.1", upstream: "fastcgi://127.0.0.1:8000", host: "localhost:8000"
2023/11/27 22:17:24 [notice] 1#1: signal 3 (SIGQUIT) received, shutting down
2023/11/27 22:17:24 [notice] 30#30: gracefully shutting down
2023/11/27 22:17:24 [notice] 32#32: gracefully shutting down
2023/11/27 22:17:24 [notice] 33#33: gracefully shutting down
2023/11/27 22:17:24 [notice] 35#35: gracefully shutting down
2023/11/27 22:17:24 [notice] 29#29: gracefully shutting down
2023/11/27 22:17:24 [notice] 31#31: gracefully shutting down
2023/11/27 22:17:24 [notice] 32#32: exiting
2023/11/27 22:17:24 [notice] 33#33: exiting
2023/11/27 22:17:24 [notice] 35#35: exiting
2023/11/27 22:17:24 [notice] 31#31: exiting
2023/11/27 22:17:24 [notice] 34#34: gracefully shutting down
2023/11/27 22:17:24 [notice] 34#34: exiting
2023/11/27 22:17:24 [notice] 29#29: exiting
2023/11/27 22:17:24 [notice] 32#32: exit
2023/11/27 22:17:24 [notice] 35#35: exit
2023/11/27 22:17:24 [notice] 33#33: exit
2023/11/27 22:17:24 [notice] 31#31: exit
2023/11/27 22:17:24 [notice] 34#34: exit
2023/11/27 22:17:24 [notice] 29#29: exit
2023/11/27 22:17:24 [notice] 36#36: gracefully shutting down
2023/11/27 22:17:24 [notice] 36#36: exiting
2023/11/27 22:17:24 [notice] 36#36: exit
2023/11/27 22:17:24 [notice] 1#1: signal 17 (SIGCHLD) received from 32
2023/11/27 22:17:24 [notice] 1#1: worker process 32 exited with code 0
2023/11/27 22:17:24 [notice] 1#1: signal 29 (SIGIO) received
2023/11/27 22:17:24 [notice] 1#1: signal 17 (SIGCHLD) received from 34
2023/11/27 22:17:24 [notice] 1#1: worker process 34 exited with code 0
2023/11/27 22:17:24 [notice] 1#1: signal 29 (SIGIO) received
2023/11/27 22:17:24 [notice] 1#1: signal 17 (SIGCHLD) received from 35
2023/11/27 22:17:24 [notice] 1#1: worker process 35 exited with code 0
2023/11/27 22:17:24 [notice] 1#1: signal 29 (SIGIO) received
2023/11/27 22:17:24 [notice] 1#1: signal 17 (SIGCHLD) received from 29
2023/11/27 22:17:24 [notice] 1#1: worker process 29 exited with code 0
2023/11/27 22:17:24 [notice] 1#1: signal 29 (SIGIO) received
2023/11/27 22:17:24 [notice] 1#1: signal 17 (SIGCHLD) received from 33
2023/11/27 22:17:24 [notice] 1#1: worker process 33 exited with code 0
2023/11/27 22:17:24 [notice] 1#1: signal 29 (SIGIO) received
2023/11/27 22:17:24 [notice] 1#1: signal 17 (SIGCHLD) received from 31
2023/11/27 22:17:24 [notice] 1#1: worker process 31 exited with code 0
2023/11/27 22:17:24 [notice] 1#1: signal 29 (SIGIO) received
2023/11/27 22:17:24 [notice] 1#1: signal 17 (SIGCHLD) received from 36
2023/11/27 22:17:24 [notice] 1#1: worker process 36 exited with code 0
2023/11/27 22:17:24 [notice] 1#1: signal 29 (SIGIO) received
2023/11/27 22:18:12 [notice] 1#1: using the "epoll" event method
2023/11/27 22:18:12 [notice] 1#1: nginx/1.25.3
2023/11/27 22:18:12 [notice] 1#1: built by gcc 12.2.1 20220924 (Alpine 12.2.1_git20220924-r10) 
2023/11/27 22:18:12 [notice] 1#1: OS: Linux 6.2.0-37-generic
2023/11/27 22:18:12 [notice] 1#1: getrlimit(RLIMIT_NOFILE): 1048576:1048576
2023/11/27 22:18:12 [notice] 1#1: start worker processes
2023/11/27 22:18:12 [notice] 1#1: start worker process 29
2023/11/27 22:18:12 [notice] 1#1: start worker process 30
2023/11/27 22:18:12 [notice] 1#1: start worker process 31
2023/11/27 22:18:12 [notice] 1#1: start worker process 32
2023/11/27 22:18:12 [notice] 1#1: start worker process 33
2023/11/27 22:18:12 [notice] 1#1: start worker process 34
2023/11/27 22:18:12 [notice] 1#1: start worker process 35
2023/11/27 22:18:12 [notice] 1#1: start worker process 36
2023/11/27 22:18:15 [notice] 1#1: signal 3 (SIGQUIT) received, shutting down
2023/11/27 22:18:15 [notice] 29#29: gracefully shutting down
2023/11/27 22:18:15 [notice] 30#30: gracefully shutting down
2023/11/27 22:18:15 [notice] 32#32: gracefully shutting down
2023/11/27 22:18:15 [notice] 31#31: gracefully shutting down
2023/11/27 22:18:15 [notice] 33#33: gracefully shutting down
2023/11/27 22:18:15 [notice] 34#34: gracefully shutting down
2023/11/27 22:18:15 [notice] 29#29: exiting
2023/11/27 22:18:15 [notice] 32#32: exiting
2023/11/27 22:18:15 [notice] 30#30: exiting
2023/11/27 22:18:15 [notice] 31#31: exiting
2023/11/27 22:18:15 [notice] 34#34: exiting
2023/11/27 22:18:15 [notice] 33#33: exiting
2023/11/27 22:18:15 [notice] 35#35: gracefully shutting down
2023/11/27 22:18:15 [notice] 35#35: exiting
2023/11/27 22:18:15 [notice] 29#29: exit
2023/11/27 22:18:15 [notice] 32#32: exit
2023/11/27 22:18:15 [notice] 30#30: exit
2023/11/27 22:18:15 [notice] 34#34: exit
2023/11/27 22:18:15 [notice] 33#33: exit
2023/11/27 22:18:15 [notice] 31#31: exit
2023/11/27 22:18:15 [notice] 35#35: exit
2023/11/27 22:18:15 [notice] 36#36: gracefully shutting down
2023/11/27 22:18:15 [notice] 36#36: exiting
2023/11/27 22:18:15 [notice] 36#36: exit
2023/11/27 22:18:15 [notice] 1#1: signal 17 (SIGCHLD) received from 30
2023/11/27 22:18:15 [notice] 1#1: worker process 30 exited with code 0
2023/11/27 22:18:15 [notice] 1#1: signal 29 (SIGIO) received
2023/11/27 22:18:15 [notice] 1#1: signal 17 (SIGCHLD) received from 35
2023/11/27 22:18:15 [notice] 1#1: worker process 32 exited with code 0
2023/11/27 22:18:15 [notice] 1#1: worker process 35 exited with code 0
2023/11/27 22:18:15 [notice] 1#1: signal 29 (SIGIO) received
2023/11/27 22:18:15 [notice] 1#1: signal 17 (SIGCHLD) received from 29
2023/11/27 22:18:15 [notice] 1#1: worker process 29 exited with code 0
2023/11/27 22:18:15 [notice] 1#1: worker process 33 exited with code 0
2023/11/27 22:18:15 [notice] 1#1: signal 29 (SIGIO) received
2023/11/27 22:18:15 [notice] 1#1: signal 17 (SIGCHLD) received from 33
2023/11/27 22:18:15 [notice] 1#1: signal 17 (SIGCHLD) received from 34
2023/11/27 22:18:15 [notice] 1#1: worker process 34 exited with code 0
2023/11/27 22:18:15 [notice] 1#1: signal 29 (SIGIO) received
2023/11/27 22:18:15 [notice] 1#1: signal 17 (SIGCHLD) received from 31
2023/11/27 22:18:15 [notice] 1#1: worker process 31 exited with code 0
2023/11/27 22:18:15 [notice] 1#1: signal 29 (SIGIO) received
2023/11/27 22:18:15 [notice] 1#1: signal 17 (SIGCHLD) received from 36
2023/11/27 22:18:15 [notice] 1#1: worker process 36 exited with code 0
2023/11/27 22:18:15 [notice] 1#1: exit
2023/11/27 22:18:31 [notice] 1#1: using the "epoll" event method
2023/11/27 22:18:31 [notice] 1#1: nginx/1.25.3
2023/11/27 22:18:31 [notice] 1#1: built by gcc 12.2.1 20220924 (Alpine 12.2.1_git20220924-r10) 
2023/11/27 22:18:31 [notice] 1#1: OS: Linux 6.2.0-37-generic
2023/11/27 22:18:31 [notice] 1#1: getrlimit(RLIMIT_NOFILE): 1048576:1048576
2023/11/27 22:18:31 [notice] 1#1: start worker processes
2023/11/27 22:18:31 [notice] 1#1: start worker process 29
2023/11/27 22:18:31 [notice] 1#1: start worker process 30
2023/11/27 22:18:31 [notice] 1#1: start worker process 31
2023/11/27 22:18:31 [notice] 1#1: start worker process 32
2023/11/27 22:18:31 [notice] 1#1: start worker process 33
2023/11/27 22:18:31 [notice] 1#1: start worker process 34
2023/11/27 22:18:31 [notice] 1#1: start worker process 35
2023/11/27 22:18:31 [notice] 1#1: start worker process 36
2023/11/27 22:18:43 [error] 29#29: *1 connect() failed (111: Connection refused) while connecting to upstream, client: 192.168.48.1, server: , request: "GET / HTTP/1.1", upstream: "fastcgi://127.0.0.1:9000", host: "localhost:8000"
2023/11/27 22:18:43 [error] 29#29: *1 connect() failed (111: Connection refused) while connecting to upstream, client: 192.168.48.1, server: , request: "GET / HTTP/1.1", upstream: "fastcgi://127.0.0.1:9000", host: "localhost:8000"
2023/11/27 22:20:21 [notice] 1#1: signal 3 (SIGQUIT) received, shutting down
2023/11/27 22:20:21 [notice] 29#29: gracefully shutting down
2023/11/27 22:20:21 [notice] 30#30: gracefully shutting down
2023/11/27 22:20:21 [notice] 31#31: gracefully shutting down
2023/11/27 22:20:21 [notice] 33#33: gracefully shutting down
2023/11/27 22:20:21 [notice] 34#34: gracefully shutting down
2023/11/27 22:20:21 [notice] 29#29: exiting
2023/11/27 22:20:21 [notice] 32#32: gracefully shutting down
2023/11/27 22:20:21 [notice] 36#36: gracefully shutting down
2023/11/27 22:20:21 [notice] 30#30: exiting
2023/11/27 22:20:21 [notice] 31#31: exiting
2023/11/27 22:20:21 [notice] 33#33: exiting
2023/11/27 22:20:21 [notice] 34#34: exiting
2023/11/27 22:20:21 [notice] 32#32: exiting
2023/11/27 22:20:21 [notice] 36#36: exiting
2023/11/27 22:20:21 [notice] 29#29: exit
2023/11/27 22:20:21 [notice] 31#31: exit
2023/11/27 22:20:21 [notice] 30#30: exit
2023/11/27 22:20:21 [notice] 33#33: exit
2023/11/27 22:20:21 [notice] 34#34: exit
2023/11/27 22:20:21 [notice] 32#32: exit
2023/11/27 22:20:21 [notice] 36#36: exit
2023/11/27 22:20:21 [notice] 35#35: gracefully shutting down
2023/11/27 22:20:21 [notice] 35#35: exiting
2023/11/27 22:20:21 [notice] 35#35: exit
2023/11/27 22:20:21 [notice] 1#1: signal 17 (SIGCHLD) received from 30
2023/11/27 22:20:21 [notice] 1#1: worker process 30 exited with code 0
2023/11/27 22:20:21 [notice] 1#1: worker process 34 exited with code 0
2023/11/27 22:20:21 [notice] 1#1: signal 29 (SIGIO) received
2023/11/27 22:20:21 [notice] 1#1: signal 17 (SIGCHLD) received from 34
2023/11/27 22:20:21 [notice] 1#1: signal 17 (SIGCHLD) received from 36
2023/11/27 22:20:21 [notice] 1#1: worker process 31 exited with code 0
2023/11/27 22:20:21 [notice] 1#1: worker process 36 exited with code 0
2023/11/27 22:20:21 [notice] 1#1: signal 29 (SIGIO) received
2023/11/27 22:20:21 [notice] 1#1: signal 17 (SIGCHLD) received from 31
2023/11/27 22:20:21 [notice] 1#1: signal 17 (SIGCHLD) received from 32
2023/11/27 22:20:21 [notice] 1#1: worker process 32 exited with code 0
2023/11/27 22:20:21 [notice] 1#1: worker process 35 exited with code 0
2023/11/27 22:20:21 [notice] 1#1: signal 29 (SIGIO) received
2023/11/27 22:20:21 [notice] 1#1: signal 17 (SIGCHLD) received from 29
2023/11/27 22:20:21 [notice] 1#1: worker process 29 exited with code 0
2023/11/27 22:20:21 [notice] 1#1: signal 29 (SIGIO) received
2023/11/27 22:20:21 [notice] 1#1: signal 17 (SIGCHLD) received from 33
2023/11/27 22:20:21 [notice] 1#1: worker process 33 exited with code 0
2023/11/27 22:20:21 [notice] 1#1: exit
